2019-08-02 13:18:25,961  INFO [main] TestBase:85 - Launching chrome browser............................
2019-08-02 13:18:32,946  INFO [main] TestBase:91 - Entering application URL............................
2019-08-02 13:18:33,473 DEBUG [main] cache:45 - Couldn't find template in cache for "v3html/v3-html-index.ftl"("en", UTF-8, parsed); will try to load it.
2019-08-02 13:18:33,473 DEBUG [main] cache:45 - TemplateLoader.findTemplateSource("v3html/v3-html-index_en.ftl"): Not found
2019-08-02 13:18:33,475 DEBUG [main] cache:45 - TemplateLoader.findTemplateSource("v3html/v3-html-index.ftl"): Found
2019-08-02 13:18:33,475 DEBUG [main] cache:45 - Loading template for "v3html/v3-html-index.ftl"("en", UTF-8, parsed) from "jar:file:/C:/Users/Srinivas%20Krishnakar/.m2/repository/com/aventstack/extentreports/4.0.6/extentreports-4.0.6.jar!/com/aventstack/extentreports/view/v3html/v3-html-index.ftl"
2019-08-02 13:18:33,642 DEBUG [main] cache:45 - Couldn't find template in cache for "v3html/v3-html-head.ftl"("en", UTF-8, parsed); will try to load it.
2019-08-02 13:18:33,643 DEBUG [main] cache:45 - TemplateLoader.findTemplateSource("v3html/v3-html-head_en.ftl"): Not found
2019-08-02 13:18:33,643 DEBUG [main] cache:45 - TemplateLoader.findTemplateSource("v3html/v3-html-head.ftl"): Found
2019-08-02 13:18:33,643 DEBUG [main] cache:45 - Loading template for "v3html/v3-html-head.ftl"("en", UTF-8, parsed) from "jar:file:/C:/Users/Srinivas%20Krishnakar/.m2/repository/com/aventstack/extentreports/4.0.6/extentreports-4.0.6.jar!/com/aventstack/extentreports/view/v3html/v3-html-head.ftl"
2019-08-02 13:18:33,645 DEBUG [main] cache:45 - Couldn't find template in cache for "v3html/v3-html-nav.ftl"("en", UTF-8, parsed); will try to load it.
2019-08-02 13:18:33,646 DEBUG [main] cache:45 - TemplateLoader.findTemplateSource("v3html/v3-html-nav_en.ftl"): Not found
2019-08-02 13:18:33,646 DEBUG [main] cache:45 - TemplateLoader.findTemplateSource("v3html/v3-html-nav.ftl"): Found
2019-08-02 13:18:33,646 DEBUG [main] cache:45 - Loading template for "v3html/v3-html-nav.ftl"("en", UTF-8, parsed) from "jar:file:/C:/Users/Srinivas%20Krishnakar/.m2/repository/com/aventstack/extentreports/4.0.6/extentreports-4.0.6.jar!/com/aventstack/extentreports/view/v3html/v3-html-nav.ftl"
2019-08-02 13:18:33,652 DEBUG [main] cache:45 - Couldn't find template in cache for "v3html/test-view/v3-html-test-view.ftl"("en", UTF-8, parsed); will try to load it.
2019-08-02 13:18:33,652 DEBUG [main] cache:45 - TemplateLoader.findTemplateSource("v3html/test-view/v3-html-test-view_en.ftl"): Not found
2019-08-02 13:18:33,653 DEBUG [main] cache:45 - TemplateLoader.findTemplateSource("v3html/test-view/v3-html-test-view.ftl"): Found
2019-08-02 13:18:33,653 DEBUG [main] cache:45 - Loading template for "v3html/test-view/v3-html-test-view.ftl"("en", UTF-8, parsed) from "jar:file:/C:/Users/Srinivas%20Krishnakar/.m2/repository/com/aventstack/extentreports/4.0.6/extentreports-4.0.6.jar!/com/aventstack/extentreports/view/v3html/test-view/v3-html-test-view.ftl"
2019-08-02 13:18:33,659 DEBUG [main] cache:45 - Couldn't find template in cache for "v3html/test-view/v3-html-test-view-charts.ftl"("en", UTF-8, parsed); will try to load it.
2019-08-02 13:18:33,660 DEBUG [main] cache:45 - TemplateLoader.findTemplateSource("v3html/test-view/v3-html-test-view-charts_en.ftl"): Not found
2019-08-02 13:18:33,660 DEBUG [main] cache:45 - TemplateLoader.findTemplateSource("v3html/test-view/v3-html-test-view-charts.ftl"): Found
2019-08-02 13:18:33,660 DEBUG [main] cache:45 - Loading template for "v3html/test-view/v3-html-test-view-charts.ftl"("en", UTF-8, parsed) from "jar:file:/C:/Users/Srinivas%20Krishnakar/.m2/repository/com/aventstack/extentreports/4.0.6/extentreports-4.0.6.jar!/com/aventstack/extentreports/view/v3html/test-view/v3-html-test-view-charts.ftl"
2019-08-02 13:18:33,666 DEBUG [main] cache:45 - Couldn't find template in cache for "v3html/test-view/v3-html-standard.ftl"("en", UTF-8, parsed); will try to load it.
2019-08-02 13:18:33,666 DEBUG [main] cache:45 - TemplateLoader.findTemplateSource("v3html/test-view/v3-html-standard_en.ftl"): Not found
2019-08-02 13:18:33,667 DEBUG [main] cache:45 - TemplateLoader.findTemplateSource("v3html/test-view/v3-html-standard.ftl"): Found
2019-08-02 13:18:33,667 DEBUG [main] cache:45 - Loading template for "v3html/test-view/v3-html-standard.ftl"("en", UTF-8, parsed) from "jar:file:/C:/Users/Srinivas%20Krishnakar/.m2/repository/com/aventstack/extentreports/4.0.6/extentreports-4.0.6.jar!/com/aventstack/extentreports/view/v3html/test-view/v3-html-standard.ftl"
2019-08-02 13:18:33,676 DEBUG [main] cache:45 - Couldn't find template in cache for "v3html/category-view/v3-html-category-view.ftl"("en", UTF-8, parsed); will try to load it.
2019-08-02 13:18:33,676 DEBUG [main] cache:45 - TemplateLoader.findTemplateSource("v3html/category-view/v3-html-category-view_en.ftl"): Not found
2019-08-02 13:18:33,677 DEBUG [main] cache:45 - TemplateLoader.findTemplateSource("v3html/category-view/v3-html-category-view.ftl"): Found
2019-08-02 13:18:33,677 DEBUG [main] cache:45 - Loading template for "v3html/category-view/v3-html-category-view.ftl"("en", UTF-8, parsed) from "jar:file:/C:/Users/Srinivas%20Krishnakar/.m2/repository/com/aventstack/extentreports/4.0.6/extentreports-4.0.6.jar!/com/aventstack/extentreports/view/v3html/category-view/v3-html-category-view.ftl"
2019-08-02 13:18:33,679 DEBUG [main] cache:45 - Couldn't find template in cache for "v3html/exception-view/v3-html-exception-view.ftl"("en", UTF-8, parsed); will try to load it.
2019-08-02 13:18:33,680 DEBUG [main] cache:45 - TemplateLoader.findTemplateSource("v3html/exception-view/v3-html-exception-view_en.ftl"): Not found
2019-08-02 13:18:33,680 DEBUG [main] cache:45 - TemplateLoader.findTemplateSource("v3html/exception-view/v3-html-exception-view.ftl"): Found
2019-08-02 13:18:33,680 DEBUG [main] cache:45 - Loading template for "v3html/exception-view/v3-html-exception-view.ftl"("en", UTF-8, parsed) from "jar:file:/C:/Users/Srinivas%20Krishnakar/.m2/repository/com/aventstack/extentreports/4.0.6/extentreports-4.0.6.jar!/com/aventstack/extentreports/view/v3html/exception-view/v3-html-exception-view.ftl"
2019-08-02 13:18:33,683 DEBUG [main] cache:45 - Couldn't find template in cache for "v3html/author-view/v3-html-author-view.ftl"("en", UTF-8, parsed); will try to load it.
2019-08-02 13:18:33,684 DEBUG [main] cache:45 - TemplateLoader.findTemplateSource("v3html/author-view/v3-html-author-view_en.ftl"): Not found
2019-08-02 13:18:33,684 DEBUG [main] cache:45 - TemplateLoader.findTemplateSource("v3html/author-view/v3-html-author-view.ftl"): Found
2019-08-02 13:18:33,684 DEBUG [main] cache:45 - Loading template for "v3html/author-view/v3-html-author-view.ftl"("en", UTF-8, parsed) from "jar:file:/C:/Users/Srinivas%20Krishnakar/.m2/repository/com/aventstack/extentreports/4.0.6/extentreports-4.0.6.jar!/com/aventstack/extentreports/view/v3html/author-view/v3-html-author-view.ftl"
2019-08-02 13:18:33,686 DEBUG [main] cache:45 - Couldn't find template in cache for "v3html/dashboard-view/v3-html-dashboard-view.ftl"("en", UTF-8, parsed); will try to load it.
2019-08-02 13:18:33,687 DEBUG [main] cache:45 - TemplateLoader.findTemplateSource("v3html/dashboard-view/v3-html-dashboard-view_en.ftl"): Not found
2019-08-02 13:18:33,687 DEBUG [main] cache:45 - TemplateLoader.findTemplateSource("v3html/dashboard-view/v3-html-dashboard-view.ftl"): Found
2019-08-02 13:18:33,687 DEBUG [main] cache:45 - Loading template for "v3html/dashboard-view/v3-html-dashboard-view.ftl"("en", UTF-8, parsed) from "jar:file:/C:/Users/Srinivas%20Krishnakar/.m2/repository/com/aventstack/extentreports/4.0.6/extentreports-4.0.6.jar!/com/aventstack/extentreports/view/v3html/dashboard-view/v3-html-dashboard-view.ftl"
2019-08-02 13:18:33,690 DEBUG [main] cache:45 - Couldn't find template in cache for "v3html/logs-view/v3-html-testrunner-logs-view.ftl"("en", UTF-8, parsed); will try to load it.
2019-08-02 13:18:33,691 DEBUG [main] cache:45 - TemplateLoader.findTemplateSource("v3html/logs-view/v3-html-testrunner-logs-view_en.ftl"): Not found
2019-08-02 13:18:33,691 DEBUG [main] cache:45 - TemplateLoader.findTemplateSource("v3html/logs-view/v3-html-testrunner-logs-view.ftl"): Found
2019-08-02 13:18:33,691 DEBUG [main] cache:45 - Loading template for "v3html/logs-view/v3-html-testrunner-logs-view.ftl"("en", UTF-8, parsed) from "jar:file:/C:/Users/Srinivas%20Krishnakar/.m2/repository/com/aventstack/extentreports/4.0.6/extentreports-4.0.6.jar!/com/aventstack/extentreports/view/v3html/logs-view/v3-html-testrunner-logs-view.ftl"
2019-08-02 13:18:33,826 DEBUG [main] cache:45 - Couldn't find template in cache for "v3html/v3-html-index.ftl"("en", UTF-8, parsed); will try to load it.
2019-08-02 13:18:33,826 DEBUG [main] cache:45 - TemplateLoader.findTemplateSource("v3html/v3-html-index_en.ftl"): Not found
2019-08-02 13:18:33,827 DEBUG [main] cache:45 - TemplateLoader.findTemplateSource("v3html/v3-html-index.ftl"): Found
2019-08-02 13:18:33,827 DEBUG [main] cache:45 - Loading template for "v3html/v3-html-index.ftl"("en", UTF-8, parsed) from "jar:file:/C:/Users/Srinivas%20Krishnakar/.m2/repository/com/aventstack/extentreports/4.0.6/extentreports-4.0.6.jar!/com/aventstack/extentreports/view/v3html/v3-html-index.ftl"
2019-08-02 13:18:33,831 DEBUG [main] cache:45 - Couldn't find template in cache for "v3html/v3-html-head.ftl"("en", UTF-8, parsed); will try to load it.
2019-08-02 13:18:33,831 DEBUG [main] cache:45 - TemplateLoader.findTemplateSource("v3html/v3-html-head_en.ftl"): Not found
2019-08-02 13:18:33,832 DEBUG [main] cache:45 - TemplateLoader.findTemplateSource("v3html/v3-html-head.ftl"): Found
2019-08-02 13:18:33,832 DEBUG [main] cache:45 - Loading template for "v3html/v3-html-head.ftl"("en", UTF-8, parsed) from "jar:file:/C:/Users/Srinivas%20Krishnakar/.m2/repository/com/aventstack/extentreports/4.0.6/extentreports-4.0.6.jar!/com/aventstack/extentreports/view/v3html/v3-html-head.ftl"
2019-08-02 13:18:33,834 DEBUG [main] cache:45 - Couldn't find template in cache for "v3html/v3-html-nav.ftl"("en", UTF-8, parsed); will try to load it.
2019-08-02 13:18:33,834 DEBUG [main] cache:45 - TemplateLoader.findTemplateSource("v3html/v3-html-nav_en.ftl"): Not found
2019-08-02 13:18:33,835 DEBUG [main] cache:45 - TemplateLoader.findTemplateSource("v3html/v3-html-nav.ftl"): Found
2019-08-02 13:18:33,835 DEBUG [main] cache:45 - Loading template for "v3html/v3-html-nav.ftl"("en", UTF-8, parsed) from "jar:file:/C:/Users/Srinivas%20Krishnakar/.m2/repository/com/aventstack/extentreports/4.0.6/extentreports-4.0.6.jar!/com/aventstack/extentreports/view/v3html/v3-html-nav.ftl"
2019-08-02 13:18:33,837 DEBUG [main] cache:45 - Couldn't find template in cache for "v3html/test-view/v3-html-test-view.ftl"("en", UTF-8, parsed); will try to load it.
2019-08-02 13:18:33,837 DEBUG [main] cache:45 - TemplateLoader.findTemplateSource("v3html/test-view/v3-html-test-view_en.ftl"): Not found
2019-08-02 13:18:33,838 DEBUG [main] cache:45 - TemplateLoader.findTemplateSource("v3html/test-view/v3-html-test-view.ftl"): Found
2019-08-02 13:18:33,838 DEBUG [main] cache:45 - Loading template for "v3html/test-view/v3-html-test-view.ftl"("en", UTF-8, parsed) from "jar:file:/C:/Users/Srinivas%20Krishnakar/.m2/repository/com/aventstack/extentreports/4.0.6/extentreports-4.0.6.jar!/com/aventstack/extentreports/view/v3html/test-view/v3-html-test-view.ftl"
2019-08-02 13:18:33,845 DEBUG [main] cache:45 - Couldn't find template in cache for "v3html/test-view/v3-html-test-view-charts.ftl"("en", UTF-8, parsed); will try to load it.
2019-08-02 13:18:33,845 DEBUG [main] cache:45 - TemplateLoader.findTemplateSource("v3html/test-view/v3-html-test-view-charts_en.ftl"): Not found
2019-08-02 13:18:33,846 DEBUG [main] cache:45 - TemplateLoader.findTemplateSource("v3html/test-view/v3-html-test-view-charts.ftl"): Found
2019-08-02 13:18:33,846 DEBUG [main] cache:45 - Loading template for "v3html/test-view/v3-html-test-view-charts.ftl"("en", UTF-8, parsed) from "jar:file:/C:/Users/Srinivas%20Krishnakar/.m2/repository/com/aventstack/extentreports/4.0.6/extentreports-4.0.6.jar!/com/aventstack/extentreports/view/v3html/test-view/v3-html-test-view-charts.ftl"
2019-08-02 13:18:33,848 DEBUG [main] cache:45 - Couldn't find template in cache for "v3html/test-view/v3-html-standard.ftl"("en", UTF-8, parsed); will try to load it.
2019-08-02 13:18:33,849 DEBUG [main] cache:45 - TemplateLoader.findTemplateSource("v3html/test-view/v3-html-standard_en.ftl"): Not found
2019-08-02 13:18:33,849 DEBUG [main] cache:45 - TemplateLoader.findTemplateSource("v3html/test-view/v3-html-standard.ftl"): Found
2019-08-02 13:18:33,849 DEBUG [main] cache:45 - Loading template for "v3html/test-view/v3-html-standard.ftl"("en", UTF-8, parsed) from "jar:file:/C:/Users/Srinivas%20Krishnakar/.m2/repository/com/aventstack/extentreports/4.0.6/extentreports-4.0.6.jar!/com/aventstack/extentreports/view/v3html/test-view/v3-html-standard.ftl"
2019-08-02 13:18:33,857 DEBUG [main] cache:45 - "v3html/test-view/v3-html-standard.ftl"("en", UTF-8, parsed) cached copy not yet stale; using cached.
2019-08-02 13:18:33,860 DEBUG [main] cache:45 - Couldn't find template in cache for "v3html/category-view/v3-html-category-view.ftl"("en", UTF-8, parsed); will try to load it.
2019-08-02 13:18:33,861 DEBUG [main] cache:45 - TemplateLoader.findTemplateSource("v3html/category-view/v3-html-category-view_en.ftl"): Not found
2019-08-02 13:18:33,861 DEBUG [main] cache:45 - TemplateLoader.findTemplateSource("v3html/category-view/v3-html-category-view.ftl"): Found
2019-08-02 13:18:33,862 DEBUG [main] cache:45 - Loading template for "v3html/category-view/v3-html-category-view.ftl"("en", UTF-8, parsed) from "jar:file:/C:/Users/Srinivas%20Krishnakar/.m2/repository/com/aventstack/extentreports/4.0.6/extentreports-4.0.6.jar!/com/aventstack/extentreports/view/v3html/category-view/v3-html-category-view.ftl"
2019-08-02 13:18:33,864 DEBUG [main] cache:45 - Couldn't find template in cache for "v3html/exception-view/v3-html-exception-view.ftl"("en", UTF-8, parsed); will try to load it.
2019-08-02 13:18:33,865 DEBUG [main] cache:45 - TemplateLoader.findTemplateSource("v3html/exception-view/v3-html-exception-view_en.ftl"): Not found
2019-08-02 13:18:33,865 DEBUG [main] cache:45 - TemplateLoader.findTemplateSource("v3html/exception-view/v3-html-exception-view.ftl"): Found
2019-08-02 13:18:33,865 DEBUG [main] cache:45 - Loading template for "v3html/exception-view/v3-html-exception-view.ftl"("en", UTF-8, parsed) from "jar:file:/C:/Users/Srinivas%20Krishnakar/.m2/repository/com/aventstack/extentreports/4.0.6/extentreports-4.0.6.jar!/com/aventstack/extentreports/view/v3html/exception-view/v3-html-exception-view.ftl"
2019-08-02 13:18:33,867 DEBUG [main] cache:45 - Couldn't find template in cache for "v3html/author-view/v3-html-author-view.ftl"("en", UTF-8, parsed); will try to load it.
2019-08-02 13:18:33,868 DEBUG [main] cache:45 - TemplateLoader.findTemplateSource("v3html/author-view/v3-html-author-view_en.ftl"): Not found
2019-08-02 13:18:33,868 DEBUG [main] cache:45 - TemplateLoader.findTemplateSource("v3html/author-view/v3-html-author-view.ftl"): Found
2019-08-02 13:18:33,868 DEBUG [main] cache:45 - Loading template for "v3html/author-view/v3-html-author-view.ftl"("en", UTF-8, parsed) from "jar:file:/C:/Users/Srinivas%20Krishnakar/.m2/repository/com/aventstack/extentreports/4.0.6/extentreports-4.0.6.jar!/com/aventstack/extentreports/view/v3html/author-view/v3-html-author-view.ftl"
2019-08-02 13:18:33,870 DEBUG [main] cache:45 - Couldn't find template in cache for "v3html/dashboard-view/v3-html-dashboard-view.ftl"("en", UTF-8, parsed); will try to load it.
2019-08-02 13:18:33,870 DEBUG [main] cache:45 - TemplateLoader.findTemplateSource("v3html/dashboard-view/v3-html-dashboard-view_en.ftl"): Not found
2019-08-02 13:18:33,871 DEBUG [main] cache:45 - TemplateLoader.findTemplateSource("v3html/dashboard-view/v3-html-dashboard-view.ftl"): Found
2019-08-02 13:18:33,871 DEBUG [main] cache:45 - Loading template for "v3html/dashboard-view/v3-html-dashboard-view.ftl"("en", UTF-8, parsed) from "jar:file:/C:/Users/Srinivas%20Krishnakar/.m2/repository/com/aventstack/extentreports/4.0.6/extentreports-4.0.6.jar!/com/aventstack/extentreports/view/v3html/dashboard-view/v3-html-dashboard-view.ftl"
2019-08-02 13:18:33,873 DEBUG [main] cache:45 - Couldn't find template in cache for "v3html/logs-view/v3-html-testrunner-logs-view.ftl"("en", UTF-8, parsed); will try to load it.
2019-08-02 13:18:33,874 DEBUG [main] cache:45 - TemplateLoader.findTemplateSource("v3html/logs-view/v3-html-testrunner-logs-view_en.ftl"): Not found
2019-08-02 13:18:33,874 DEBUG [main] cache:45 - TemplateLoader.findTemplateSource("v3html/logs-view/v3-html-testrunner-logs-view.ftl"): Found
2019-08-02 13:18:33,874 DEBUG [main] cache:45 - Loading template for "v3html/logs-view/v3-html-testrunner-logs-view.ftl"("en", UTF-8, parsed) from "jar:file:/C:/Users/Srinivas%20Krishnakar/.m2/repository/com/aventstack/extentreports/4.0.6/extentreports-4.0.6.jar!/com/aventstack/extentreports/view/v3html/logs-view/v3-html-testrunner-logs-view.ftl"
